<?xml version="1.0" encoding="UTF-8"?>
<!-- Generated by org.testng.reporters.JUnitReportReporter -->
<testsuite hostname="lonovopc" failures="0" tests="3" name="testng.Priority" time="0.052" errors="0" timestamp="2023-08-15T14:27:23 IST" skipped="0">
  <testcase classname="testng.Priority" name="Demo1" time="0.037"/>
  <system-out/>
  <testcase classname="testng.Priority" name="Demo3" time="0.010"/>
  <system-out/>
  <testcase classname="testng.Priority" name="Demo2" time="0.005"/>
  <system-out/>
</testsuite> <!-- testng.Priority -->
